mode: set
github.com/skelouse/cover-pretty/_example/lib/func.go:3.31,4.7 1 1
github.com/skelouse/cover-pretty/_example/lib/func.go:4.7,6.3 1 1
github.com/skelouse/cover-pretty/_example/lib/func.go:8.2,8.13 1 0
github.com/skelouse/cover-pretty/_example/func.go:9.28,10.7 1 1
github.com/skelouse/cover-pretty/_example/func.go:10.7,12.3 1 1
github.com/skelouse/cover-pretty/_example/func.go:14.2,14.13 1 0
github.com/skelouse/cover-pretty/_example/func.go:27.24,29.2 1 0
github.com/skelouse/cover-pretty/_example/func.go:32.42,39.2 6 0
github.com/skelouse/cover-pretty/_example/func.go:42.37,44.2 1 0
github.com/skelouse/cover-pretty/_example/func.go:47.52,49.2 1 0
github.com/skelouse/cover-pretty/_example/func.go:52.47,54.2 1 0
github.com/skelouse/cover-pretty/_example/func.go:57.41,61.2 3 0
github.com/skelouse/cover-pretty/_example/func.go:64.56,67.29 3 0
github.com/skelouse/cover-pretty/_example/func.go:67.29,70.3 2 0
github.com/skelouse/cover-pretty/_example/func.go:71.2,71.18 1 0
github.com/skelouse/cover-pretty/_example/func.go:75.51,77.2 1 0
github.com/skelouse/cover-pretty/_example/func.go:80.42,82.2 1 0
github.com/skelouse/cover-pretty/_example/func.go:85.57,88.30 3 0
github.com/skelouse/cover-pretty/_example/func.go:88.30,90.3 1 0
github.com/skelouse/cover-pretty/_example/func.go:91.2,91.19 1 0
github.com/skelouse/cover-pretty/_example/func.go:95.52,97.2 1 0
github.com/skelouse/cover-pretty/_example/shuffle.go:16.45,20.21 4 0
github.com/skelouse/cover-pretty/_example/shuffle.go:20.21,22.20 2 0
github.com/skelouse/cover-pretty/_example/shuffle.go:22.20,26.4 3 0
github.com/skelouse/cover-pretty/_example/shuffle.go:28.2,28.26 1 0
github.com/skelouse/cover-pretty/_example/shuffle.go:34.64,35.11 1 0
github.com/skelouse/cover-pretty/_example/shuffle.go:35.11,36.39 1 0
github.com/skelouse/cover-pretty/_example/shuffle.go:44.2,45.27 2 0
github.com/skelouse/cover-pretty/_example/shuffle.go:45.27,48.3 2 0
github.com/skelouse/cover-pretty/_example/shuffle.go:49.2,49.19 1 0
github.com/skelouse/cover-pretty/_example/shuffle.go:49.19,52.3 2 0
github.com/skelouse/cover-pretty/_example/shuffle.go:56.33,59.15 2 0
github.com/skelouse/cover-pretty/_example/shuffle.go:59.15,62.3 2 0
github.com/skelouse/cover-pretty/_example/shuffle.go:62.8,65.3 2 0
github.com/skelouse/cover-pretty/_example/shuffle.go:66.2,66.49 1 0
github.com/skelouse/cover-pretty/_example/shuffle.go:66.49,68.3 1 0
github.com/skelouse/cover-pretty/_example/shuffle.go:69.2,69.14 1 0
github.com/skelouse/cover-pretty/_example/shuffle.go:69.14,75.3 3 0
github.com/skelouse/cover-pretty/_example/shuffle.go:76.2,77.18 2 0
github.com/skelouse/cover-pretty/_example/util.go:8.59,13.2 4 0
github.com/skelouse/cover-pretty/_example/util.go:15.59,17.15 2 0
github.com/skelouse/cover-pretty/_example/util.go:17.15,21.31 4 0
github.com/skelouse/cover-pretty/_example/util.go:21.31,23.34 2 0
github.com/skelouse/cover-pretty/_example/util.go:23.34,25.5 1 0
github.com/skelouse/cover-pretty/_example/util.go:29.2,36.36 6 0
github.com/skelouse/cover-pretty/_example/lib/inner/func.go:3.36,4.7 1 1
github.com/skelouse/cover-pretty/_example/lib/inner/func.go:4.7,6.3 1 1
github.com/skelouse/cover-pretty/_example/lib/inner/func.go:8.2,8.13 1 0
